# JRE version: OpenJDK Runtime Environment Temurin-21.0.8+9 (21.0.8+9) (build 21.0.8+9-LTS)
# Java VM: OpenJDK 64-Bit Server VM Temurin-21.0.8+9 (21.0.8+9-LTS, mixed mode, sharing, tiered, compressed oops, compressed class ptrs, parallel gc, windows-amd64)
GC Precious Log:
 CardTable entry size: 512
 CPUs: 12 total, 12 available
 Memory: 15740M
 Large Page Support: Disabled
 NUMA Support: Disabled
 Compressed Oops: Enabled (32-bit)
 Alignments: Space 512K, Generation 512K, Heap 2M
 Heap Min Capacity: 100M
 Heap Initial Capacity: 100M
 Heap Max Capacity: 2G
 Pre-touch: Disabled
 Parallel Workers: 10
Heap:
 PSYoungGen      total 3584K, used 1322K [0x00000000d5580000, 0x00000000d5a00000, 0x0000000100000000)
  eden space 3072K, 30% used [0x00000000d5580000,0x00000000d566c640,0x00000000d5880000)
  from space 512K, 75% used [0x00000000d5980000,0x00000000d59e0020,0x00000000d5a00000)
  to   space 512K, 0% used [0x00000000d5900000,0x00000000d5900000,0x00000000d5980000)
 ParOldGen       total 403968K, used 200548K [0x0000000080000000, 0x0000000098a80000, 0x00000000d5580000)
  object space 403968K, 49% used [0x0000000080000000,0x000000008c3d9238,0x0000000098a80000)
 Metaspace       used 74695K, committed 76096K, reserved 1179648K
  class space    used 9213K, committed 9792K, reserved 1048576K
GC Heap History (20 events):
Event: 51.186 GC heap before
{Heap before GC invocations=564 (full 3):
 PSYoungGen      total 3584K, used 3200K [0x00000000d5580000, 0x00000000d5a00000, 0x0000000100000000)
  eden space 3072K, 100% used [0x00000000d5580000,0x00000000d5880000,0x00000000d5880000)
  from space 512K, 25% used [0x00000000d5980000,0x00000000d59a0000,0x00000000d5a00000)
  to   space 512K, 0% used [0x00000000d5900000,0x00000000d5900000,0x00000000d5980000)
 ParOldGen       total 403968K, used 199282K [0x0000000080000000, 0x0000000098a80000, 0x00000000d5580000)
  object space 403968K, 49% used [0x0000000080000000,0x000000008c29c918,0x0000000098a80000)
 Metaspace       used 73800K, committed 75328K, reserved 1179648K
  class space    used 9100K, committed 9728K, reserved 1048576K
}
Event: 51.187 GC heap after
{Heap after GC invocations=564 (full 3):
 PSYoungGen      total 3584K, used 256K [0x00000000d5580000, 0x00000000d5a00000, 0x0000000100000000)
  eden space 3072K, 0% used [0x00000000d5580000,0x00000000d5580000,0x00000000d5880000)
  from space 512K, 50% used [0x00000000d5900000,0x00000000d5940000,0x00000000d5980000)
  to   space 512K, 0% used [0x00000000d5980000,0x00000000d5980000,0x00000000d5a00000)
 ParOldGen       total 403968K, used 199306K [0x0000000080000000, 0x0000000098a80000, 0x00000000d5580000)
  object space 403968K, 49% used [0x0000000080000000,0x000000008c2a2918,0x0000000098a80000)
 Metaspace       used 73800K, committed 75328K, reserved 1179648K
  class space    used 9100K, committed 9728K, reserved 1048576K
}
Event: 51.378 GC heap before
{Heap before GC invocations=565 (full 3):
 PSYoungGen      total 3584K, used 3328K [0x00000000d5580000, 0x00000000d5a00000, 0x0000000100000000)
  eden space 3072K, 100% used [0x00000000d5580000,0x00000000d5880000,0x00000000d5880000)
  from space 512K, 50% used [0x00000000d5900000,0x00000000d5940000,0x00000000d5980000)
  to   space 512K, 0% used [0x00000000d5980000,0x00000000d5980000,0x00000000d5a00000)
 ParOldGen       total 403968K, used 199306K [0x0000000080000000, 0x0000000098a80000, 0x00000000d5580000)
  object space 403968K, 49% used [0x0000000080000000,0x000000008c2a2918,0x0000000098a80000)
 Metaspace       used 73801K, committed 75328K, reserved 1179648K
  class space    used 9100K, committed 9728K, reserved 1048576K
}
Event: 51.379 GC heap after
{Heap after GC invocations=565 (full 3):
 PSYoungGen      total 3584K, used 96K [0x00000000d5580000, 0x00000000d5a00000, 0x0000000100000000)
  eden space 3072K, 0% used [0x00000000d5580000,0x00000000d5580000,0x00000000d5880000)
  from space 512K, 18% used [0x00000000d5980000,0x00000000d5998000,0x00000000d5a00000)
  to   space 512K, 0% used [0x00000000d5900000,0x00000000d5900000,0x00000000d5980000)
 ParOldGen       total 403968K, used 199338K [0x0000000080000000, 0x0000000098a80000, 0x00000000d5580000)
  object space 403968K, 49% used [0x0000000080000000,0x000000008c2aa918,0x0000000098a80000)
 Metaspace       used 73801K, committed 75328K, reserved 1179648K
  class space    used 9100K, committed 9728K, reserved 1048576K
}
Event: 51.530 GC heap before
{Heap before GC invocations=566 (full 3):
 PSYoungGen      total 3584K, used 3168K [0x00000000d5580000, 0x00000000d5a00000, 0x0000000100000000)
  eden space 3072K, 100% used [0x00000000d5580000,0x00000000d5880000,0x00000000d5880000)
  from space 512K, 18% used [0x00000000d5980000,0x00000000d5998000,0x00000000d5a00000)
  to   space 512K, 0% used [0x00000000d5900000,0x00000000d5900000,0x00000000d5980000)
 ParOldGen       total 403968K, used 199338K [0x0000000080000000, 0x0000000098a80000, 0x00000000d5580000)
  object space 403968K, 49% used [0x0000000080000000,0x000000008c2aa918,0x0000000098a80000)
 Metaspace       used 73801K, committed 75328K, reserved 1179648K
  class space    used 9100K, committed 9728K, reserved 1048576K
}
Event: 51.531 GC heap after
{Heap after GC invocations=566 (full 3):
 PSYoungGen      total 3584K, used 192K [0x00000000d5580000, 0x00000000d5a00000, 0x0000000100000000)
  eden space 3072K, 0% used [0x00000000d5580000,0x00000000d5580000,0x00000000d5880000)
  from space 512K, 37% used [0x00000000d5900000,0x00000000d5930000,0x00000000d5980000)
  to   space 512K, 0% used [0x00000000d5980000,0x00000000d5980000,0x00000000d5a00000)
 ParOldGen       total 403968K, used 199338K [0x0000000080000000, 0x0000000098a80000, 0x00000000d5580000)
  object space 403968K, 49% used [0x0000000080000000,0x000000008c2aa918,0x0000000098a80000)
 Metaspace       used 73801K, committed 75328K, reserved 1179648K
  class space    used 9100K, committed 9728K, reserved 1048576K
}
Event: 51.768 GC heap before
{Heap before GC invocations=567 (full 3):
 PSYoungGen      total 3584K, used 3264K [0x00000000d5580000, 0x00000000d5a00000, 0x0000000100000000)
  eden space 3072K, 100% used [0x00000000d5580000,0x00000000d5880000,0x00000000d5880000)
  from space 512K, 37% used [0x00000000d5900000,0x00000000d5930000,0x00000000d5980000)
  to   space 512K, 0% used [0x00000000d5980000,0x00000000d5980000,0x00000000d5a00000)
 ParOldGen       total 403968K, used 199338K [0x0000000080000000, 0x0000000098a80000, 0x00000000d5580000)
  object space 403968K, 49% used [0x0000000080000000,0x000000008c2aa918,0x0000000098a80000)
 Metaspace       used 73801K, committed 75328K, reserved 1179648K
  class space    used 9100K, committed 9728K, reserved 1048576K
}
Event: 51.769 GC heap after
{Heap after GC invocations=567 (full 3):
 PSYoungGen      total 3584K, used 192K [0x00000000d5580000, 0x00000000d5a00000, 0x0000000100000000)
  eden space 3072K, 0% used [0x00000000d5580000,0x00000000d5580000,0x00000000d5880000)
  from space 512K, 37% used [0x00000000d5980000,0x00000000d59b0000,0x00000000d5a00000)
  to   space 512K, 0% used [0x00000000d5900000,0x00000000d5900000,0x00000000d5980000)
 ParOldGen       total 403968K, used 199346K [0x0000000080000000, 0x0000000098a80000, 0x00000000d5580000)
  object space 403968K, 49% used [0x0000000080000000,0x000000008c2ac918,0x0000000098a80000)
 Metaspace       used 73801K, committed 75328K, reserved 1179648K
  class space    used 9100K, committed 9728K, reserved 1048576K
}
Event: 52.003 GC heap before
{Heap before GC invocations=568 (full 3):
 PSYoungGen      total 3584K, used 3263K [0x00000000d5580000, 0x00000000d5a00000, 0x0000000100000000)
  eden space 3072K, 99% used [0x00000000d5580000,0x00000000d587ffe0,0x00000000d5880000)
  from space 512K, 37% used [0x00000000d5980000,0x00000000d59b0000,0x00000000d5a00000)
  to   space 512K, 0% used [0x00000000d5900000,0x00000000d5900000,0x00000000d5980000)
 ParOldGen       total 403968K, used 199346K [0x0000000080000000, 0x0000000098a80000, 0x00000000d5580000)
  object space 403968K, 49% used [0x0000000080000000,0x000000008c2ac918,0x0000000098a80000)
 Metaspace       used 73842K, committed 75328K, reserved 1179648K
  class space    used 9105K, committed 9728K, reserved 1048576K
}
Event: 52.004 GC heap after
{Heap after GC invocations=568 (full 3):
 PSYoungGen      total 3584K, used 352K [0x00000000d5580000, 0x00000000d5a00000, 0x0000000100000000)
  eden space 3072K, 0% used [0x00000000d5580000,0x00000000d5580000,0x00000000d5880000)
  from space 512K, 68% used [0x00000000d5900000,0x00000000d5958010,0x00000000d5980000)
  to   space 512K, 0% used [0x00000000d5980000,0x00000000d5980000,0x00000000d5a00000)
 ParOldGen       total 403968K, used 199346K [0x0000000080000000, 0x0000000098a80000, 0x00000000d5580000)
  object space 403968K, 49% used [0x0000000080000000,0x000000008c2ac918,0x0000000098a80000)
 Metaspace       used 73842K, committed 75328K, reserved 1179648K
  class space    used 9105K, committed 9728K, reserved 1048576K
}
Event: 52.075 GC heap before
{Heap before GC invocations=569 (full 3):
 PSYoungGen      total 3584K, used 3424K [0x00000000d5580000, 0x00000000d5a00000, 0x0000000100000000)
  eden space 3072K, 100% used [0x00000000d5580000,0x00000000d5880000,0x00000000d5880000)
  from space 512K, 68% used [0x00000000d5900000,0x00000000d5958010,0x00000000d5980000)
  to   space 512K, 0% used [0x00000000d5980000,0x00000000d5980000,0x00000000d5a00000)
 ParOldGen       total 403968K, used 199346K [0x0000000080000000, 0x0000000098a80000, 0x00000000d5580000)
  object space 403968K, 49% used [0x0000000080000000,0x000000008c2ac918,0x0000000098a80000)
 Metaspace       used 73977K, committed 75456K, reserved 1179648K
  class space    used 9128K, committed 9728K, reserved 1048576K
}
Event: 52.076 GC heap after
{Heap after GC invocations=569 (full 3):
 PSYoungGen      total 3584K, used 512K [0x00000000d5580000, 0x00000000d5a80000, 0x0000000100000000)
  eden space 3072K, 0% used [0x00000000d5580000,0x00000000d5580000,0x00000000d5880000)
  from space 512K, 100% used [0x00000000d5980000,0x00000000d5a00000,0x00000000d5a00000)
  to   space 1024K, 0% used [0x00000000d5880000,0x00000000d5880000,0x00000000d5980000)
 ParOldGen       total 403968K, used 199548K [0x0000000080000000, 0x0000000098a80000, 0x00000000d5580000)
  object space 403968K, 49% used [0x0000000080000000,0x000000008c2df1d8,0x0000000098a80000)
 Metaspace       used 73977K, committed 75456K, reserved 1179648K
  class space    used 9128K, committed 9728K, reserved 1048576K
}
Event: 52.139 GC heap before
{Heap before GC invocations=570 (full 3):
 PSYoungGen      total 3584K, used 3536K [0x00000000d5580000, 0x00000000d5a80000, 0x0000000100000000)
  eden space 3072K, 98% used [0x00000000d5580000,0x00000000d58742f8,0x00000000d5880000)
  from space 512K, 100% used [0x00000000d5980000,0x00000000d5a00000,0x00000000d5a00000)
  to   space 1024K, 0% used [0x00000000d5880000,0x00000000d5880000,0x00000000d5980000)
 ParOldGen       total 403968K, used 199548K [0x0000000080000000, 0x0000000098a80000, 0x00000000d5580000)
  object space 403968K, 49% used [0x0000000080000000,0x000000008c2df1d8,0x0000000098a80000)
 Metaspace       used 74044K, committed 75520K, reserved 1179648K
  class space    used 9140K, committed 9792K, reserved 1048576K
}
Event: 52.140 GC heap after
{Heap after GC invocations=570 (full 3):
 PSYoungGen      total 4096K, used 592K [0x00000000d5580000, 0x00000000d5a80000, 0x0000000100000000)
  eden space 3072K, 0% used [0x00000000d5580000,0x00000000d5580000,0x00000000d5880000)
  from space 1024K, 57% used [0x00000000d5880000,0x00000000d5914158,0x00000000d5980000)
  to   space 1024K, 0% used [0x00000000d5980000,0x00000000d5980000,0x00000000d5a80000)
 ParOldGen       total 403968K, used 199836K [0x0000000080000000, 0x0000000098a80000, 0x00000000d5580000)
  object space 403968K, 49% used [0x0000000080000000,0x000000008c3271d8,0x0000000098a80000)
 Metaspace       used 74044K, committed 75520K, reserved 1179648K
  class space    used 9140K, committed 9792K, reserved 1048576K
}
Event: 52.175 GC heap before
{Heap before GC invocations=571 (full 3):
 PSYoungGen      total 4096K, used 3663K [0x00000000d5580000, 0x00000000d5a80000, 0x0000000100000000)
  eden space 3072K, 99% used [0x00000000d5580000,0x00000000d587fea0,0x00000000d5880000)
  from space 1024K, 57% used [0x00000000d5880000,0x00000000d5914158,0x00000000d5980000)
  to   space 1024K, 0% used [0x00000000d5980000,0x00000000d5980000,0x00000000d5a80000)
 ParOldGen       total 403968K, used 199836K [0x0000000080000000, 0x0000000098a80000, 0x00000000d5580000)
  object space 403968K, 49% used [0x0000000080000000,0x000000008c3271d8,0x0000000098a80000)
 Metaspace       used 74231K, committed 75712K, reserved 1179648K
  class space    used 9153K, committed 9792K, reserved 1048576K
}
Event: 52.176 GC heap after
{Heap after GC invocations=571 (full 3):
 PSYoungGen      total 3584K, used 286K [0x00000000d5580000, 0x00000000d5a00000, 0x0000000100000000)
  eden space 3072K, 0% used [0x00000000d5580000,0x00000000d5580000,0x00000000d5880000)
  from space 512K, 56% used [0x00000000d5980000,0x00000000d59c7ae8,0x00000000d5a00000)
  to   space 512K, 0% used [0x00000000d5900000,0x00000000d5900000,0x00000000d5980000)
 ParOldGen       total 403968K, used 200124K [0x0000000080000000, 0x0000000098a80000, 0x00000000d5580000)
  object space 403968K, 49% used [0x0000000080000000,0x000000008c36f1d8,0x0000000098a80000)
 Metaspace       used 74231K, committed 75712K, reserved 1179648K
  class space    used 9153K, committed 9792K, reserved 1048576K
}
Event: 52.203 GC heap before
{Heap before GC invocations=572 (full 3):
 PSYoungGen      total 3584K, used 3358K [0x00000000d5580000, 0x00000000d5a00000, 0x0000000100000000)
  eden space 3072K, 99% used [0x00000000d5580000,0x00000000d587fff8,0x00000000d5880000)
  from space 512K, 56% used [0x00000000d5980000,0x00000000d59c7ae8,0x00000000d5a00000)
  to   space 512K, 0% used [0x00000000d5900000,0x00000000d5900000,0x00000000d5980000)
 ParOldGen       total 403968K, used 200124K [0x0000000080000000, 0x0000000098a80000, 0x00000000d5580000)
  object space 403968K, 49% used [0x0000000080000000,0x000000008c36f1d8,0x0000000098a80000)
 Metaspace       used 74372K, committed 75840K, reserved 1179648K
  class space    used 9173K, committed 9792K, reserved 1048576K
}
Event: 52.204 GC heap after
{Heap after GC invocations=572 (full 3):
 PSYoungGen      total 3584K, used 352K [0x00000000d5580000, 0x00000000d5a00000, 0x0000000100000000)
  eden space 3072K, 0% used [0x00000000d5580000,0x00000000d5580000,0x00000000d5880000)
  from space 512K, 68% used [0x00000000d5900000,0x00000000d5958000,0x00000000d5980000)
  to   space 512K, 0% used [0x00000000d5980000,0x00000000d5980000,0x00000000d5a00000)
 ParOldGen       total 403968K, used 200196K [0x0000000080000000, 0x0000000098a80000, 0x00000000d5580000)
  object space 403968K, 49% used [0x0000000080000000,0x000000008c3811e8,0x0000000098a80000)
 Metaspace       used 74372K, committed 75840K, reserved 1179648K
  class space    used 9173K, committed 9792K, reserved 1048576K
}
Event: 52.337 GC heap before
{Heap before GC invocations=573 (full 3):
 PSYoungGen      total 3584K, used 3424K [0x00000000d5580000, 0x00000000d5a00000, 0x0000000100000000)
  eden space 3072K, 100% used [0x00000000d5580000,0x00000000d5880000,0x00000000d5880000)
  from space 512K, 68% used [0x00000000d5900000,0x00000000d5958000,0x00000000d5980000)
  to   space 512K, 0% used [0x00000000d5980000,0x00000000d5980000,0x00000000d5a00000)
 ParOldGen       total 403968K, used 200196K [0x0000000080000000, 0x0000000098a80000, 0x00000000d5580000)
  object space 403968K, 49% used [0x0000000080000000,0x000000008c3811e8,0x0000000098a80000)
 Metaspace       used 74418K, committed 75840K, reserved 1179648K
  class space    used 9180K, committed 9792K, reserved 1048576K
}
Event: 52.338 GC heap after
{Heap after GC invocations=573 (full 3):
 PSYoungGen      total 3584K, used 288K [0x00000000d5580000, 0x00000000d5a00000, 0x0000000100000000)
  eden space 3072K, 0% used [0x00000000d5580000,0x00000000d5580000,0x00000000d5880000)
  from space 512K, 56% used [0x00000000d5980000,0x00000000d59c8000,0x00000000d5a00000)
  to   space 512K, 0% used [0x00000000d5900000,0x00000000d5900000,0x00000000d5980000)
 ParOldGen       total 403968K, used 200292K [0x0000000080000000, 0x0000000098a80000, 0x00000000d5580000)
  object space 403968K, 49% used [0x0000000080000000,0x000000008c3991e8,0x0000000098a80000)
 Metaspace       used 74418K, committed 75840K, reserved 1179648K
  class space    used 9180K, committed 9792K, reserved 1048576K
}

